<?xml version="1.0" encoding="UTF-8"?>
<!-- Generated by org.testng.reporters.JUnitXMLReporter -->
<testsuite hostname="ECL-DSK-B02R542" failures="1" tests="1" name="Test123" time="13.376" errors="0" timestamp="11 Jan 2022 08:14:16 GMT">
  <testcase classname="screenshotTestNGListener.TakeScreenshotTestNGListener" name="validateTitle" time="7.218">
    <failure type="java.lang.AssertionError" message="expected [Webnetram-Login] but found [Webnetram-Login1]">
      <![CDATA[java.lang.AssertionError: expected [Webnetram-Login] but found [Webnetram-Login1]
	at screenshotTestNGListener.TakeScreenshotTestNGListener.validateTitle(TakeScreenshotTestNGListener.java:16)
... Removed 29 stack frames]]>
    </failure>
  </testcase> <!-- validateTitle -->
</testsuite> <!-- Test123 -->
