<?xml version="1.0" encoding="UTF-8"?>
<!-- Generated by org.testng.reporters.JUnitXMLReporter -->
<testsuite hostname="ECL-DSK-B02R542" failures="1" tests="2" name="Test2" time="13.59" errors="0" timestamp="12 Jan 2022 06:57:48 GMT">
  <testcase classname="extentReportWithScreenShot.ExtentReportDemo2" name="validateTitle3" time="5.833"/>
  <testcase classname="extentReportWithScreenShot.ExtentReportDemo2" name="validateTitle4" time="0.578">
    <failure type="java.lang.AssertionError" message="expected [Webnetram-Login] but found [Webnetram-Login23]">
      <![CDATA[java.lang.AssertionError: expected [Webnetram-Login] but found [Webnetram-Login23]
	at extentReportWithScreenShot.ExtentReportDemo2.validateTitle4(ExtentReportDemo2.java:24)
	at java.base/java.util.concurrent.FutureTask.run(FutureTask.java:264)
	at java.base/java.util.concurrent.ThreadPoolExecutor.runWorker(ThreadPoolExecutor.java:1128)
	at java.base/java.util.concurrent.ThreadPoolExecutor$Worker.run(ThreadPoolExecutor.java:628)
	at java.base/java.lang.Thread.run(Thread.java:834)
... Removed 21 stack frames]]>
    </failure>
  </testcase> <!-- validateTitle4 -->
</testsuite> <!-- Test2 -->
