<?xml version="1.0" encoding="UTF-8"?>
<!-- Generated by org.testng.reporters.JUnitXMLReporter -->
<testsuite hostname="VP-MACHINE" failures="1" tests="2" name="Test" time="24.435" errors="0" timestamp="12 Jan 2022 02:41:08 GMT">
  <testcase classname="extentReportGeneration.ExtentReportDemo" name="validateTitle" time="19.04"/>
  <testcase classname="extentReportGeneration.ExtentReportDemo" name="validateTitle123" time="0.528">
    <failure type="java.lang.AssertionError" message="expected [Webnetram-Login] but found [Webnetram-Login23]">
      <![CDATA[java.lang.AssertionError: expected [Webnetram-Login] but found [Webnetram-Login23]
	at extentReportGeneration.ExtentReportDemo.validateTitle123(ExtentReportDemo.java:24)
... Removed 29 stack frames]]>
    </failure>
  </testcase> <!-- validateTitle123 -->
</testsuite> <!-- Test -->
