<?xml version="1.0" encoding="UTF-8"?>
<!-- Generated by org.testng.reporters.JUnitXMLReporter -->
<testsuite hostname="ECL-DSK-B02R542" failures="1" tests="2" name="Test3" time="18.67" errors="0" timestamp="12 Jan 2022 06:57:53 GMT">
  <testcase classname="extentReportGeneration.ExtentReportDemo3" name="validateTitle7" time="11.238">
    <failure type="java.lang.AssertionError" message="expected [Webnetram-Login] but found [Webnetram-Login23]">
      <![CDATA[java.lang.AssertionError: expected [Webnetram-Login] but found [Webnetram-Login23]
	at extentReportGeneration.ExtentReportDemo3.validateTitle7(ExtentReportDemo3.java:24)
	at java.base/java.util.concurrent.FutureTask.run(FutureTask.java:264)
	at java.base/java.util.concurrent.ThreadPoolExecutor.runWorker(ThreadPoolExecutor.java:1128)
	at java.base/java.util.concurrent.ThreadPoolExecutor$Worker.run(ThreadPoolExecutor.java:628)
	at java.base/java.lang.Thread.run(Thread.java:834)
... Removed 21 stack frames]]>
    </failure>
  </testcase> <!-- validateTitle7 -->
  <testcase classname="extentReportGeneration.ExtentReportDemo3" name="validateTitle8" time="0.481"/>
</testsuite> <!-- Test3 -->
