<?xml version="1.0" encoding="UTF-8"?>
<!-- Generated by org.testng.reporters.JUnitXMLReporter -->
<testsuite hostname="ECL-DSK-B02R542" failures="1" tests="2" name="Test" time="12.69" errors="0" timestamp="11 Jan 2022 13:11:07 GMT">
  <testcase classname="selectbrowserFormJenkinsOption.SelectBrowserOptionFromJenkins" name="validateTitle" time="0.026"/>
  <testcase classname="selectbrowserFormJenkinsOption.SelectBrowserOptionFromJenkins" name="validateTitle123" time="0.072">
    <failure type="java.lang.AssertionError" message="expected [Webnetram-Login] but found [Webnetram-Login23]">
      <![CDATA[java.lang.AssertionError: expected [Webnetram-Login] but found [Webnetram-Login23]
	at selectbrowserFormJenkinsOption.SelectBrowserOptionFromJenkins.validateTitle123(SelectBrowserOptionFromJenkins.java:22)
... Removed 29 stack frames]]>
    </failure>
  </testcase> <!-- validateTitle123 -->
</testsuite> <!-- Test -->
