<?xml version="1.0" encoding="UTF-8"?>
<!-- Generated by org.testng.reporters.JUnitXMLReporter -->
<testsuite hostname="VP-MACHINE" failures="1" tests="2" name="Test2" time="86.087" errors="0" timestamp="12 Jan 2022 03:03:13 GMT">
  <testcase classname="extentReportGeneration.ExtentReportDemo2" name="validateTitle" time="23.301"/>
  <testcase classname="extentReportGeneration.ExtentReportDemo2" name="validateTitle123" time="2.929">
    <failure type="java.lang.AssertionError" message="expected [Webnetram-Login] but found [Webnetram-Login23]">
      <![CDATA[java.lang.AssertionError: expected [Webnetram-Login] but found [Webnetram-Login23]
	at extentReportGeneration.ExtentReportDemo2.validateTitle123(ExtentReportDemo2.java:24)
	at java.base/java.util.concurrent.FutureTask.run(FutureTask.java:264)
	at java.base/java.util.concurrent.ThreadPoolExecutor.runWorker(ThreadPoolExecutor.java:1130)
	at java.base/java.util.concurrent.ThreadPoolExecutor$Worker.run(ThreadPoolExecutor.java:630)
	at java.base/java.lang.Thread.run(Thread.java:831)
... Removed 21 stack frames]]>
    </failure>
  </testcase> <!-- validateTitle123 -->
</testsuite> <!-- Test2 -->
