<?xml version="1.0" encoding="UTF-8"?>
<!-- Generated by org.testng.reporters.JUnitXMLReporter -->
<testsuite hostname="ECL-DSK-B02R542" failures="1" tests="2" name="Test" time="12.629" errors="0" timestamp="11 Jan 2022 11:57:47 GMT">
  <testcase classname="screenshotTestNGListener.TakeScreenshotTestNGListener" name="validateTitle" time="5.406"/>
  <testcase classname="screenshotTestNGListener.TakeScreenshotTestNGListener" name="validateTitle123" time="0.289">
    <failure type="java.lang.AssertionError" message="expected [Webnetram-Login] but found [Webnetram-Login23]">
      <![CDATA[java.lang.AssertionError: expected [Webnetram-Login] but found [Webnetram-Login23]
	at screenshotTestNGListener.TakeScreenshotTestNGListener.validateTitle123(TakeScreenshotTestNGListener.java:24)
	at java.base/java.util.concurrent.FutureTask.run(FutureTask.java:264)
	at java.base/java.util.concurrent.ThreadPoolExecutor.runWorker(ThreadPoolExecutor.java:1128)
	at java.base/java.util.concurrent.ThreadPoolExecutor$Worker.run(ThreadPoolExecutor.java:628)
	at java.base/java.lang.Thread.run(Thread.java:834)
... Removed 21 stack frames]]>
    </failure>
  </testcase> <!-- validateTitle123 -->
</testsuite> <!-- Test -->
