<?xml version="1.0" encoding="UTF-8"?>
<!-- Generated by org.testng.reporters.JUnitXMLReporter -->
<testsuite hostname="ECL-DSK-B02R542" failures="1" tests="2" name="Test1" time="11.396" errors="0" timestamp="11 Jan 2022 11:57:46 GMT">
  <testcase classname="screenshotTestNGListener.TakeScreenshotTestNGListener2" name="validateTitle1000" time="3.005"/>
  <testcase classname="screenshotTestNGListener.TakeScreenshotTestNGListener2" name="validateTitle999" time="0.816">
    <failure type="java.lang.AssertionError" message="expected [Webnetram-Login] but found [Webnetram-Login1]">
      <![CDATA[java.lang.AssertionError: expected [Webnetram-Login] but found [Webnetram-Login1]
	at screenshotTestNGListener.TakeScreenshotTestNGListener2.validateTitle999(TakeScreenshotTestNGListener2.java:16)
	at java.base/java.util.concurrent.FutureTask.run(FutureTask.java:264)
	at java.base/java.util.concurrent.ThreadPoolExecutor.runWorker(ThreadPoolExecutor.java:1128)
	at java.base/java.util.concurrent.ThreadPoolExecutor$Worker.run(ThreadPoolExecutor.java:628)
	at java.base/java.lang.Thread.run(Thread.java:834)
... Removed 21 stack frames]]>
    </failure>
  </testcase> <!-- validateTitle999 -->
</testsuite> <!-- Test1 -->
