<?xml version="1.0" encoding="UTF-8"?>
<testsuite xmlns:xsi="http://www.w3.org/2001/XMLSchema-instance" xsi:noNamespaceSchemaLocation="https://maven.apache.org/surefire/maven-surefire-plugin/xsd/surefire-test-report-3.0.xsd" version="3.0" name="TestSuite" time="13.845" tests="4" errors="0" skipped="0" failures="2">
  <properties>
[...]
</properties>
  <testcase name="validateTitle1000" classname="screenshotTestNGListener.TakeScreenshotTestNGListener2" time="3.007">
    <system-err><![CDATA[SLF4J: Failed to load class "org.slf4j.impl.StaticLoggerBinder".
SLF4J: Defaulting to no-operation (NOP) logger implementation
SLF4J: See http://www.slf4j.org/codes.html#StaticLoggerBinder for further details.
Starting ChromeDriver 97.0.4692.71 (adefa7837d02a07a604c1e6eff0b3a09422ab88d-refs/branch-heads/4692@{#1247}) on port 15014
Only local connections are allowed.
Please see https://chromedriver.chromium.org/security-considerations for suggestions on keeping ChromeDriver safe.
ChromeDriver was started successfully.
Starting ChromeDriver 97.0.4692.71 (adefa7837d02a07a604c1e6eff0b3a09422ab88d-refs/branch-heads/4692@{#1247}) on port 33857
Only local connections are allowed.
Please see https://chromedriver.chromium.org/security-considerations for suggestions on keeping ChromeDriver safe.
ChromeDriver was started successfully.
Jan 11, 2022 5:27:41 PM org.openqa.selenium.remote.ProtocolHandshake createSession
INFO: Detected dialect: W3C
Jan 11, 2022 5:27:42 PM org.openqa.selenium.remote.ProtocolHandshake createSession
INFO: Detected dialect: W3C
]]></system-err>
  </testcase>
  <testcase name="validateTitle999" classname="screenshotTestNGListener.TakeScreenshotTestNGListener2" time="0.819">
    <failure message="expected [Webnetram-Login] but found [Webnetram-Login1]" type="java.lang.AssertionError"><![CDATA[java.lang.AssertionError: expected [Webnetram-Login] but found [Webnetram-Login1]
	at screenshotTestNGListener.TakeScreenshotTestNGListener2.validateTitle999(TakeScreenshotTestNGListener2.java:16)
]]></failure>
    <system-out><![CDATA[***********validateTitle1000 - is Passed*********
]]></system-out>
  </testcase>
  <testcase name="validateTitle" classname="screenshotTestNGListener.TakeScreenshotTestNGListener" time="1.782">
    <system-out><![CDATA[***********validateTitle999 - is Failed**********
]]></system-out>
  </testcase>
  <testcase name="validateTitle123" classname="screenshotTestNGListener.TakeScreenshotTestNGListener" time="0.288">
    <failure message="expected [Webnetram-Login] but found [Webnetram-Login23]" type="java.lang.AssertionError"><![CDATA[java.lang.AssertionError: expected [Webnetram-Login] but found [Webnetram-Login23]
	at screenshotTestNGListener.TakeScreenshotTestNGListener.validateTitle123(TakeScreenshotTestNGListener.java:24)
]]></failure>
    <system-out><![CDATA[***********validateTitle - is Passed*********
]]></system-out>
  </testcase>
</testsuite>