<?xml version="1.0" encoding="UTF-8"?>
<testng-results total="2" passed="2" failed="0" skipped="0">
  <reporter-output>
  </reporter-output>
  <suite started-at="2022-01-11T13:28:10Z" name="Suite" finished-at="2022-01-11T13:28:27Z" duration-ms="17340">
    <groups>
    </groups>
    <test started-at="2022-01-11T13:28:10Z" name="Test" finished-at="2022-01-11T13:28:27Z" duration-ms="17340">
      <class name="selectbrowserFormJenkinsOption.SelectBrowserOptionFromJenkins">
        <test-method is-config="true" signature="startApp()[pri:0, instance:selectbrowserFormJenkinsOption.SelectBrowserOptionFromJenkins@68f1b17f]" started-at="2022-01-11T18:58:10Z" name="startApp" finished-at="2022-01-11T18:58:25Z" duration-ms="15424" status="PASS">
          <reporter-output>
          </reporter-output>
        </test-method> <!-- startApp -->
        <test-method signature="validateTitle()[pri:0, instance:selectbrowserFormJenkinsOption.SelectBrowserOptionFromJenkins@68f1b17f]" started-at="2022-01-11T18:58:25Z" name="validateTitle" finished-at="2022-01-11T18:58:25Z" duration-ms="13" status="PASS">
          <reporter-output>
          </reporter-output>
        </test-method> <!-- validateTitle -->
        <test-method signature="validateTitle123()[pri:0, instance:selectbrowserFormJenkinsOption.SelectBrowserOptionFromJenkins@68f1b17f]" started-at="2022-01-11T18:58:25Z" name="validateTitle123" finished-at="2022-01-11T18:58:25Z" duration-ms="3" status="PASS">
          <reporter-output>
          </reporter-output>
        </test-method> <!-- validateTitle123 -->
        <test-method is-config="true" signature="tearDown()[pri:0, instance:selectbrowserFormJenkinsOption.SelectBrowserOptionFromJenkins@68f1b17f]" started-at="2022-01-11T18:58:25Z" name="tearDown" finished-at="2022-01-11T18:58:27Z" duration-ms="1889" status="PASS">
          <reporter-output>
          </reporter-output>
        </test-method> <!-- tearDown -->
      </class> <!-- selectbrowserFormJenkinsOption.SelectBrowserOptionFromJenkins -->
    </test> <!-- Test -->
  </suite> <!-- Suite -->
</testng-results>
